<?xml version="1.0" encoding="UTF-8"?>
<!-- Generated by org.testng.reporters.JUnitXMLReporter -->
<testsuite hostname="LUK-HHPYPF2" name="Default test" tests="4" failures="0" timestamp="1 Sep 2017 13:54:45 GMT" time="98.96" errors="0">
  <testcase name="registerNewUserwithDataProvider" time="7.004" classname="ECommerceTest.HomePageTest"/>
  <testcase name="registerNewUserwithDataProvider" time="7.238" classname="ECommerceTest.HomePageTest"/>
  <testcase name="registerNewUserwithDataProvider" time="5.52" classname="ECommerceTest.HomePageTest"/>
  <testcase name="registerNewUserwithDataProvider" time="5.813" classname="ECommerceTest.HomePageTest"/>
</testsuite> <!-- Default test -->
