<?xml version="1.0" encoding="UTF-8"?>
<testng-results skipped="0" failed="0" total="4" passed="4">
  <reporter-output>
  </reporter-output>
  <suite name="Default suite" duration-ms="98960" started-at="2017-09-01T13:53:06Z" finished-at="2017-09-01T13:54:45Z">
    <groups>
    </groups>
    <test name="Default test" duration-ms="98960" started-at="2017-09-01T13:53:06Z" finished-at="2017-09-01T13:54:45Z">
      <class name="ECommerceTest.HomePageTest">
        <test-method status="PASS" signature="setUp()[pri:0, instance:ECommerceTest.HomePageTest@5e3a8624]" name="setUp" is-config="true" duration-ms="17281" started-at="2017-09-01T14:53:06Z" finished-at="2017-09-01T14:53:24Z">
          <reporter-output>
          </reporter-output>
        </test-method> <!-- setUp -->
        <test-method status="PASS" signature="registerNewUserwithDataProvider(java.lang.String, java.lang.String, java.lang.String)[pri:0, instance:ECommerceTest.HomePageTest@5e3a8624]" name="registerNewUserwithDataProvider" duration-ms="7004" started-at="2017-09-01T14:53:24Z" data-provider="getData" finished-at="2017-09-01T14:53:31Z">
          <params>
            <param index="0">
              <value>
                <![CDATA[Jaya]]>
              </value>
            </param>
            <param index="1">
              <value>
                <![CDATA[Iyer]]>
              </value>
            </param>
            <param index="2">
              <value>
                <![CDATA[1]]>
              </value>
            </param>
          </params>
          <reporter-output>
          </reporter-output>
        </test-method> <!-- registerNewUserwithDataProvider -->
        <test-method status="PASS" signature="tearDown()[pri:0, instance:ECommerceTest.HomePageTest@5e3a8624]" name="tearDown" is-config="true" duration-ms="1421" started-at="2017-09-01T14:53:31Z" finished-at="2017-09-01T14:53:32Z">
          <reporter-output>
          </reporter-output>
        </test-method> <!-- tearDown -->
        <test-method status="PASS" signature="setUp()[pri:0, instance:ECommerceTest.HomePageTest@5e3a8624]" name="setUp" is-config="true" duration-ms="16690" started-at="2017-09-01T14:53:32Z" finished-at="2017-09-01T14:53:49Z">
          <reporter-output>
          </reporter-output>
        </test-method> <!-- setUp -->
        <test-method status="PASS" signature="registerNewUserwithDataProvider(java.lang.String, java.lang.String, java.lang.String)[pri:0, instance:ECommerceTest.HomePageTest@5e3a8624]" name="registerNewUserwithDataProvider" duration-ms="7238" started-at="2017-09-01T14:53:49Z" data-provider="getData" finished-at="2017-09-01T14:53:56Z">
          <params>
            <param index="0">
              <value>
                <![CDATA[Krish]]>
              </value>
            </param>
            <param index="1">
              <value>
                <![CDATA[Iyer]]>
              </value>
            </param>
            <param index="2">
              <value>
                <![CDATA[2]]>
              </value>
            </param>
          </params>
          <reporter-output>
          </reporter-output>
        </test-method> <!-- registerNewUserwithDataProvider -->
        <test-method status="PASS" signature="tearDown()[pri:0, instance:ECommerceTest.HomePageTest@5e3a8624]" name="tearDown" is-config="true" duration-ms="1386" started-at="2017-09-01T14:53:56Z" finished-at="2017-09-01T14:53:57Z">
          <reporter-output>
          </reporter-output>
        </test-method> <!-- tearDown -->
        <test-method status="PASS" signature="setUp()[pri:0, instance:ECommerceTest.HomePageTest@5e3a8624]" name="setUp" is-config="true" duration-ms="16480" started-at="2017-09-01T14:53:57Z" finished-at="2017-09-01T14:54:14Z">
          <reporter-output>
          </reporter-output>
        </test-method> <!-- setUp -->
        <test-method status="PASS" signature="registerNewUserwithDataProvider(java.lang.String, java.lang.String, java.lang.String)[pri:0, instance:ECommerceTest.HomePageTest@5e3a8624]" name="registerNewUserwithDataProvider" duration-ms="5520" started-at="2017-09-01T14:54:14Z" data-provider="getData" finished-at="2017-09-01T14:54:19Z">
          <params>
            <param index="0">
              <value>
                <![CDATA[Anaya]]>
              </value>
            </param>
            <param index="1">
              <value>
                <![CDATA[Iyer]]>
              </value>
            </param>
            <param index="2">
              <value>
                <![CDATA[3]]>
              </value>
            </param>
          </params>
          <reporter-output>
          </reporter-output>
        </test-method> <!-- registerNewUserwithDataProvider -->
        <test-method status="PASS" signature="tearDown()[pri:0, instance:ECommerceTest.HomePageTest@5e3a8624]" name="tearDown" is-config="true" duration-ms="1349" started-at="2017-09-01T14:54:19Z" finished-at="2017-09-01T14:54:21Z">
          <reporter-output>
          </reporter-output>
        </test-method> <!-- tearDown -->
        <test-method status="PASS" signature="setUp()[pri:0, instance:ECommerceTest.HomePageTest@5e3a8624]" name="setUp" is-config="true" duration-ms="16948" started-at="2017-09-01T14:54:21Z" finished-at="2017-09-01T14:54:38Z">
          <reporter-output>
          </reporter-output>
        </test-method> <!-- setUp -->
        <test-method status="PASS" signature="registerNewUserwithDataProvider(java.lang.String, java.lang.String, java.lang.String)[pri:0, instance:ECommerceTest.HomePageTest@5e3a8624]" name="registerNewUserwithDataProvider" duration-ms="5813" started-at="2017-09-01T14:54:38Z" data-provider="getData" finished-at="2017-09-01T14:54:43Z">
          <params>
            <param index="0">
              <value>
                <![CDATA[Ishaan]]>
              </value>
            </param>
            <param index="1">
              <value>
                <![CDATA[Iyer]]>
              </value>
            </param>
            <param index="2">
              <value>
                <![CDATA[4]]>
              </value>
            </param>
          </params>
          <reporter-output>
          </reporter-output>
        </test-method> <!-- registerNewUserwithDataProvider -->
        <test-method status="PASS" signature="tearDown()[pri:0, instance:ECommerceTest.HomePageTest@5e3a8624]" name="tearDown" is-config="true" duration-ms="1297" started-at="2017-09-01T14:54:43Z" finished-at="2017-09-01T14:54:45Z">
          <reporter-output>
          </reporter-output>
        </test-method> <!-- tearDown -->
      </class> <!-- ECommerceTest.HomePageTest -->
    </test> <!-- Default test -->
  </suite> <!-- Default suite -->
</testng-results>
